生成启动时间为 2017/4/13 11:27:58。
     1>项目“D:\桌面\windows程序设计\Windows\stylelist\stylelist\stylelist.vcxproj”在节点 2 上(Build 个目标)。
     1>ClCompile:
         C:\Program Files (x86)\Microsoft Visual Studio 11.0\VC\bin\CL.exe /c /ZI /nologo /W3 /WX- /sdl /Od /Oy- /D WIN32 /D _WINDOWS /D _DEBUG /D _UNICODE /D UNICODE /D _AFXDLL /Gm /EHsc /RTC1 /MDd /GS /fp:precise /Zc:wchar_t /Zc:forScope /Yc"stdafx.h" /Fp"Debug\stylelist.pch" /Fo"Debug\\" /Fd"Debug\vc110.pdb" /Gd /TP /analyze- /errorReport:prompt stdafx.cpp
         stdafx.cpp
         C:\Program Files (x86)\Microsoft Visual Studio 11.0\VC\bin\CL.exe /c /ZI /nologo /W3 /WX- /sdl /Od /Oy- /D WIN32 /D _WINDOWS /D _DEBUG /D _UNICODE /D UNICODE /D _AFXDLL /Gm /EHsc /RTC1 /MDd /GS /fp:precise /Zc:wchar_t /Zc:forScope /Yu"stdafx.h" /Fp"Debug\stylelist.pch" /Fo"Debug\\" /Fd"Debug\vc110.pdb" /Gd /TP /analyze- /errorReport:prompt ListCtrlEx.cpp stylelist.cpp stylelistDlg.cpp
         stylelistDlg.cpp
         stylelist.cpp
         ListCtrlEx.cpp
         正在生成代码...
       ResourceCompile:
         C:\Program Files (x86)\Windows Kits\8.0\bin\x86\rc.exe /D _DEBUG /D _UNICODE /D UNICODE /D _AFXDLL /l"0x0804" /IDebug\ /nologo /fo"Debug\stylelist.res" stylelist.rc 
       Link:
         C:\Program Files (x86)\Microsoft Visual Studio 11.0\VC\bin\link.exe /ERRORREPORT:PROMPT /OUT:"D:\桌面\windows程序设计\Windows\stylelist\Debug\stylelist.exe" /INCREMENTAL /NOLOGO /MANIFEST /MANIFESTUAC:"level='asInvoker' uiAccess='false'" /manifest:embed /manifestinput:"C:\Program Files (x86)\Microsoft Visual Studio 11.0\VC\Include\Manifest\dpiaware.manifest" /DEBUG /PDB:"D:\桌面\windows程序设计\Windows\stylelist\Debug\stylelist.pdb" /SUBSYSTEM:WINDOWS /TLBID:1 /ENTRY:"wWinMainCRTStartup" /DYNAMICBASE /NXCOMPAT /IMPLIB:"D:\桌面\windows程序设计\Windows\stylelist\Debug\stylelist.lib" /MACHINE:X86 Debug\stylelist.res
         Debug\ListCtrlEx.obj
         Debug\stdafx.obj
         Debug\stylelist.obj
         Debug\stylelistDlg.obj
         stylelist.vcxproj -> D:\桌面\windows程序设计\Windows\stylelist\Debug\stylelist.exe
     1>已完成生成项目“D:\桌面\windows程序设计\Windows\stylelist\stylelist\stylelist.vcxproj”(Build 个目标)的操作。

生成成功。

已用时间 00:01:57.53
