生成启动时间为 2017/4/14 16:38:00。
     1>项目“D:\桌面\windows程序设计\Windows\CapturerAnalyzer\CapturerAnalyzer\CapturerAnalyzer.vcxproj”在节点 2 上(Build 个目标)。
     1>ClCompile:
         C:\Program Files (x86)\Microsoft Visual Studio 11.0\VC\bin\CL.exe /c /IC:\WpdPack\Include /ZI /nologo /W3 /WX- /Od /Oy- /D _XKEYCHECK_H /D HAVE_REMOTE /D _AFXDLL /D WIN32 /D _WINDOWS /D _DEBUG /D _UNICODE /D UNICODE /D _AFXDLL /Gm /EHsc /RTC1 /MDd /GS /fp:precise /Zc:wchar_t /Zc:forScope /Yu"stdafx.h" /Fp"Debug\CapturerAnalyzer.pch" /Fo"Debug\\" /Fd"Debug\vc110.pdb" /Gd /TP /analyze- /errorReport:prompt PacketCapturer.cpp
         PacketCapturer.cpp
       Link:
         C:\Program Files (x86)\Microsoft Visual Studio 11.0\VC\bin\link.exe /ERRORREPORT:PROMPT /OUT:"D:\桌面\windows程序设计\Windows\CapturerAnalyzer\Debug\CapturerAnalyzer.exe" /INCREMENTAL /NOLOGO /LIBPATH:C:\WpdPack\Lib ws2_32.lib wpcap.lib Packet.lib kernel32.lib user32.lib gdi32.lib winspool.lib comdlg32.lib advapi32.lib shell32.lib ole32.lib oleaut32.lib uuid.lib odbc32.lib odbccp32.lib /MANIFEST /MANIFESTUAC:"level='asInvoker' uiAccess='false'" /manifest:embed /manifestinput:"C:\Program Files (x86)\Microsoft Visual Studio 11.0\VC\Include\Manifest\dpiaware.manifest" /DEBUG /PDB:"D:\桌面\windows程序设计\Windows\CapturerAnalyzer\Debug\CapturerAnalyzer.pdb" /SUBSYSTEM:WINDOWS /TLBID:1 /ENTRY:"wWinMainCRTStartup" /DYNAMICBASE /NXCOMPAT /IMPLIB:"D:\桌面\windows程序设计\Windows\CapturerAnalyzer\Debug\CapturerAnalyzer.lib" /MACHINE:X86 Debug\CapturerAnalyzer.res
         Debug\Adapter.obj
         Debug\AnalyzerDlg.obj
         Debug\CapturerAnalyzer.obj
         Debug\CapturerDlg.obj
         Debug\Packet.obj
         Debug\PacketCapturer.obj
         Debug\PacketFilter.obj
         Debug\StatusBarEx.obj
         Debug\stdafx.obj
         Debug\StyleListCtrl.obj
         Debug\ToolBarEx.obj
         CapturerAnalyzer.vcxproj -> D:\桌面\windows程序设计\Windows\CapturerAnalyzer\Debug\CapturerAnalyzer.exe
     1>已完成生成项目“D:\桌面\windows程序设计\Windows\CapturerAnalyzer\CapturerAnalyzer\CapturerAnalyzer.vcxproj”(Build 个目标)的操作。

生成成功。

已用时间 00:00:00.82
