D:\桌面\WINDOWS程序设计\WINDOWS\CAPTURERANALYZER\CAPTURERANALYZER\DEBUG\CAPTURERANALYZER.PCH
D:\桌面\WINDOWS程序设计\WINDOWS\CAPTURERANALYZER\CAPTURERANALYZER\DEBUG\STDAFX.OBJ
D:\桌面\WINDOWS程序设计\WINDOWS\CAPTURERANALYZER\CAPTURERANALYZER\DEBUG\VC110.PDB
D:\桌面\WINDOWS程序设计\WINDOWS\CAPTURERANALYZER\CAPTURERANALYZER\DEBUG\ADAPTER.OBJ
D:\桌面\WINDOWS程序设计\WINDOWS\CAPTURERANALYZER\CAPTURERANALYZER\DEBUG\ANALYZERDLG.OBJ
D:\桌面\WINDOWS程序设计\WINDOWS\CAPTURERANALYZER\CAPTURERANALYZER\DEBUG\CAPTURERANALYZER.OBJ
D:\桌面\WINDOWS程序设计\WINDOWS\CAPTURERANALYZER\CAPTURERANALYZER\DEBUG\CAPTURERDLG.OBJ
D:\桌面\WINDOWS程序设计\WINDOWS\CAPTURERANALYZER\CAPTURERANALYZER\DEBUG\PACKET.OBJ
D:\桌面\WINDOWS程序设计\WINDOWS\CAPTURERANALYZER\CAPTURERANALYZER\DEBUG\STATUSBAREX.OBJ
D:\桌面\WINDOWS程序设计\WINDOWS\CAPTURERANALYZER\CAPTURERANALYZER\DEBUG\STYLELISTCTRL.OBJ
D:\桌面\WINDOWS程序设计\WINDOWS\CAPTURERANALYZER\CAPTURERANALYZER\DEBUG\TOOLBAREX.OBJ
D:\桌面\WINDOWS程序设计\WINDOWS\CAPTURERANALYZER\CAPTURERANALYZER\DEBUG\PACKETFILTER.OBJ
D:\桌面\WINDOWS程序设计\WINDOWS\CAPTURERANALYZER\CAPTURERANALYZER\DEBUG\PACKETCAPTURER.OBJ
D:\桌面\WINDOWS程序设计\WINDOWS\CAPTURERANALYZER\DEBUG\CAPTURERANALYZER.ILK
D:\桌面\WINDOWS程序设计\WINDOWS\CAPTURERANALYZER\DEBUG\CAPTURERANALYZER.EXE
D:\桌面\WINDOWS程序设计\WINDOWS\CAPTURERANALYZER\DEBUG\CAPTURERANALYZER.PDB
D:\桌面\WINDOWS程序设计\WINDOWS\CAPTURERANALYZER\CAPTURERANALYZER\DEBUG\CAPTURERANALYZER.RES
D:\桌面\windows程序设计\Windows\CapturerAnalyzer\CapturerAnalyzer\Debug\Adapter.obj
D:\桌面\windows程序设计\Windows\CapturerAnalyzer\CapturerAnalyzer\Debug\AnalyzerDlg.obj
D:\桌面\windows程序设计\Windows\CapturerAnalyzer\CapturerAnalyzer\Debug\CapturerAnalyzer.obj
D:\桌面\windows程序设计\Windows\CapturerAnalyzer\CapturerAnalyzer\Debug\CapturerDlg.obj
D:\桌面\windows程序设计\Windows\CapturerAnalyzer\CapturerAnalyzer\Debug\Packet.obj
D:\桌面\windows程序设计\Windows\CapturerAnalyzer\CapturerAnalyzer\Debug\PacketCapturer.obj
D:\桌面\windows程序设计\Windows\CapturerAnalyzer\CapturerAnalyzer\Debug\PacketFilter.obj
D:\桌面\windows程序设计\Windows\CapturerAnalyzer\CapturerAnalyzer\Debug\StatusBarEx.obj
D:\桌面\windows程序设计\Windows\CapturerAnalyzer\CapturerAnalyzer\Debug\stdafx.obj
D:\桌面\windows程序设计\Windows\CapturerAnalyzer\CapturerAnalyzer\Debug\StyleListCtrl.obj
D:\桌面\windows程序设计\Windows\CapturerAnalyzer\CapturerAnalyzer\Debug\ToolBarEx.obj
D:\桌面\windows程序设计\Windows\CapturerAnalyzer\CapturerAnalyzer\Debug\cl.command.1.tlog
D:\桌面\windows程序设计\Windows\CapturerAnalyzer\CapturerAnalyzer\Debug\CL.read.1.tlog
D:\桌面\windows程序设计\Windows\CapturerAnalyzer\CapturerAnalyzer\Debug\CL.write.1.tlog
D:\桌面\windows程序设计\Windows\CapturerAnalyzer\CapturerAnalyzer\Debug\link-cvtres.read.1.tlog
D:\桌面\windows程序设计\Windows\CapturerAnalyzer\CapturerAnalyzer\Debug\link-cvtres.write.1.tlog
D:\桌面\windows程序设计\Windows\CapturerAnalyzer\CapturerAnalyzer\Debug\link-mt.read.1.tlog
D:\桌面\windows程序设计\Windows\CapturerAnalyzer\CapturerAnalyzer\Debug\link-mt.write.1.tlog
D:\桌面\windows程序设计\Windows\CapturerAnalyzer\CapturerAnalyzer\Debug\link-rc.read.1.tlog
D:\桌面\windows程序设计\Windows\CapturerAnalyzer\CapturerAnalyzer\Debug\link-rc.write.1.tlog
D:\桌面\windows程序设计\Windows\CapturerAnalyzer\CapturerAnalyzer\Debug\link.1476-cvtres.read.1.tlog
D:\桌面\windows程序设计\Windows\CapturerAnalyzer\CapturerAnalyzer\Debug\link.1476-cvtres.write.1.tlog
D:\桌面\windows程序设计\Windows\CapturerAnalyzer\CapturerAnalyzer\Debug\link.1476-mt.read.1.tlog
D:\桌面\windows程序设计\Windows\CapturerAnalyzer\CapturerAnalyzer\Debug\link.1476-mt.write.1.tlog
D:\桌面\windows程序设计\Windows\CapturerAnalyzer\CapturerAnalyzer\Debug\link.1476-rc.read.1.tlog
D:\桌面\windows程序设计\Windows\CapturerAnalyzer\CapturerAnalyzer\Debug\link.1476-rc.write.1.tlog
D:\桌面\windows程序设计\Windows\CapturerAnalyzer\CapturerAnalyzer\Debug\link.1476.read.1.tlog
D:\桌面\windows程序设计\Windows\CapturerAnalyzer\CapturerAnalyzer\Debug\link.1476.write.1.tlog
D:\桌面\windows程序设计\Windows\CapturerAnalyzer\CapturerAnalyzer\Debug\link.2076-cvtres.read.1.tlog
D:\桌面\windows程序设计\Windows\CapturerAnalyzer\CapturerAnalyzer\Debug\link.2076-cvtres.write.1.tlog
D:\桌面\windows程序设计\Windows\CapturerAnalyzer\CapturerAnalyzer\Debug\link.2076-mt.read.1.tlog
D:\桌面\windows程序设计\Windows\CapturerAnalyzer\CapturerAnalyzer\Debug\link.2076-mt.write.1.tlog
D:\桌面\windows程序设计\Windows\CapturerAnalyzer\CapturerAnalyzer\Debug\link.2076-rc.read.1.tlog
D:\桌面\windows程序设计\Windows\CapturerAnalyzer\CapturerAnalyzer\Debug\link.2076-rc.write.1.tlog
D:\桌面\windows程序设计\Windows\CapturerAnalyzer\CapturerAnalyzer\Debug\link.2076.read.1.tlog
D:\桌面\windows程序设计\Windows\CapturerAnalyzer\CapturerAnalyzer\Debug\link.2076.write.1.tlog
D:\桌面\windows程序设计\Windows\CapturerAnalyzer\CapturerAnalyzer\Debug\link.3816-cvtres.read.1.tlog
D:\桌面\windows程序设计\Windows\CapturerAnalyzer\CapturerAnalyzer\Debug\link.3816-cvtres.write.1.tlog
D:\桌面\windows程序设计\Windows\CapturerAnalyzer\CapturerAnalyzer\Debug\link.3816-mt.read.1.tlog
D:\桌面\windows程序设计\Windows\CapturerAnalyzer\CapturerAnalyzer\Debug\link.3816-mt.write.1.tlog
D:\桌面\windows程序设计\Windows\CapturerAnalyzer\CapturerAnalyzer\Debug\link.3816-rc.read.1.tlog
D:\桌面\windows程序设计\Windows\CapturerAnalyzer\CapturerAnalyzer\Debug\link.3816-rc.write.1.tlog
D:\桌面\windows程序设计\Windows\CapturerAnalyzer\CapturerAnalyzer\Debug\link.3816.read.1.tlog
D:\桌面\windows程序设计\Windows\CapturerAnalyzer\CapturerAnalyzer\Debug\link.3816.write.1.tlog
D:\桌面\windows程序设计\Windows\CapturerAnalyzer\CapturerAnalyzer\Debug\link.5732-cvtres.read.1.tlog
D:\桌面\windows程序设计\Windows\CapturerAnalyzer\CapturerAnalyzer\Debug\link.5732-cvtres.write.1.tlog
D:\桌面\windows程序设计\Windows\CapturerAnalyzer\CapturerAnalyzer\Debug\link.5732-mt.read.1.tlog
D:\桌面\windows程序设计\Windows\CapturerAnalyzer\CapturerAnalyzer\Debug\link.5732-mt.write.1.tlog
D:\桌面\windows程序设计\Windows\CapturerAnalyzer\CapturerAnalyzer\Debug\link.5732-rc.read.1.tlog
D:\桌面\windows程序设计\Windows\CapturerAnalyzer\CapturerAnalyzer\Debug\link.5732-rc.write.1.tlog
D:\桌面\windows程序设计\Windows\CapturerAnalyzer\CapturerAnalyzer\Debug\link.5732.read.1.tlog
D:\桌面\windows程序设计\Windows\CapturerAnalyzer\CapturerAnalyzer\Debug\link.5732.write.1.tlog
D:\桌面\windows程序设计\Windows\CapturerAnalyzer\CapturerAnalyzer\Debug\link.5760-cvtres.read.1.tlog
D:\桌面\windows程序设计\Windows\CapturerAnalyzer\CapturerAnalyzer\Debug\link.5760-cvtres.write.1.tlog
D:\桌面\windows程序设计\Windows\CapturerAnalyzer\CapturerAnalyzer\Debug\link.5760-mt.read.1.tlog
D:\桌面\windows程序设计\Windows\CapturerAnalyzer\CapturerAnalyzer\Debug\link.5760-mt.write.1.tlog
D:\桌面\windows程序设计\Windows\CapturerAnalyzer\CapturerAnalyzer\Debug\link.5760-rc.read.1.tlog
D:\桌面\windows程序设计\Windows\CapturerAnalyzer\CapturerAnalyzer\Debug\link.5760-rc.write.1.tlog
D:\桌面\windows程序设计\Windows\CapturerAnalyzer\CapturerAnalyzer\Debug\link.5760.read.1.tlog
D:\桌面\windows程序设计\Windows\CapturerAnalyzer\CapturerAnalyzer\Debug\link.5760.write.1.tlog
D:\桌面\windows程序设计\Windows\CapturerAnalyzer\CapturerAnalyzer\Debug\link.5880-cvtres.read.1.tlog
D:\桌面\windows程序设计\Windows\CapturerAnalyzer\CapturerAnalyzer\Debug\link.5880-cvtres.write.1.tlog
D:\桌面\windows程序设计\Windows\CapturerAnalyzer\CapturerAnalyzer\Debug\link.5880-mt.read.1.tlog
D:\桌面\windows程序设计\Windows\CapturerAnalyzer\CapturerAnalyzer\Debug\link.5880-mt.write.1.tlog
D:\桌面\windows程序设计\Windows\CapturerAnalyzer\CapturerAnalyzer\Debug\link.5880-rc.read.1.tlog
D:\桌面\windows程序设计\Windows\CapturerAnalyzer\CapturerAnalyzer\Debug\link.5880-rc.write.1.tlog
D:\桌面\windows程序设计\Windows\CapturerAnalyzer\CapturerAnalyzer\Debug\link.5880.read.1.tlog
D:\桌面\windows程序设计\Windows\CapturerAnalyzer\CapturerAnalyzer\Debug\link.5880.write.1.tlog
D:\桌面\windows程序设计\Windows\CapturerAnalyzer\CapturerAnalyzer\Debug\link.5888-cvtres.read.1.tlog
D:\桌面\windows程序设计\Windows\CapturerAnalyzer\CapturerAnalyzer\Debug\link.5888-cvtres.write.1.tlog
D:\桌面\windows程序设计\Windows\CapturerAnalyzer\CapturerAnalyzer\Debug\link.5888-mt.read.1.tlog
D:\桌面\windows程序设计\Windows\CapturerAnalyzer\CapturerAnalyzer\Debug\link.5888-mt.write.1.tlog
D:\桌面\windows程序设计\Windows\CapturerAnalyzer\CapturerAnalyzer\Debug\link.5888-rc.read.1.tlog
D:\桌面\windows程序设计\Windows\CapturerAnalyzer\CapturerAnalyzer\Debug\link.5888-rc.write.1.tlog
D:\桌面\windows程序设计\Windows\CapturerAnalyzer\CapturerAnalyzer\Debug\link.5888.read.1.tlog
D:\桌面\windows程序设计\Windows\CapturerAnalyzer\CapturerAnalyzer\Debug\link.5888.write.1.tlog
D:\桌面\windows程序设计\Windows\CapturerAnalyzer\CapturerAnalyzer\Debug\link.7092-cvtres.read.1.tlog
D:\桌面\windows程序设计\Windows\CapturerAnalyzer\CapturerAnalyzer\Debug\link.7092-cvtres.write.1.tlog
D:\桌面\windows程序设计\Windows\CapturerAnalyzer\CapturerAnalyzer\Debug\link.7092-mt.read.1.tlog
D:\桌面\windows程序设计\Windows\CapturerAnalyzer\CapturerAnalyzer\Debug\link.7092-mt.write.1.tlog
D:\桌面\windows程序设计\Windows\CapturerAnalyzer\CapturerAnalyzer\Debug\link.7092-rc.read.1.tlog
D:\桌面\windows程序设计\Windows\CapturerAnalyzer\CapturerAnalyzer\Debug\link.7092-rc.write.1.tlog
D:\桌面\windows程序设计\Windows\CapturerAnalyzer\CapturerAnalyzer\Debug\link.7092.read.1.tlog
D:\桌面\windows程序设计\Windows\CapturerAnalyzer\CapturerAnalyzer\Debug\link.7092.write.1.tlog
D:\桌面\windows程序设计\Windows\CapturerAnalyzer\CapturerAnalyzer\Debug\link.command.1.tlog
D:\桌面\windows程序设计\Windows\CapturerAnalyzer\CapturerAnalyzer\Debug\link.read.1.tlog
D:\桌面\windows程序设计\Windows\CapturerAnalyzer\CapturerAnalyzer\Debug\link.write.1.tlog
D:\桌面\windows程序设计\Windows\CapturerAnalyzer\CapturerAnalyzer\Debug\rc.command.1.tlog
D:\桌面\windows程序设计\Windows\CapturerAnalyzer\CapturerAnalyzer\Debug\rc.read.1.tlog
D:\桌面\windows程序设计\Windows\CapturerAnalyzer\CapturerAnalyzer\Debug\rc.write.1.tlog
D:\桌面\windows程序设计\Windows\CapturerAnalyzer\CapturerAnalyzer\Debug\CapturerAnalyzer.res
D:\桌面\windows程序设计\Windows\CapturerAnalyzer\CapturerAnalyzer\Debug\CapturerAnalyzer.pch
D:\桌面\windows程序设计\Windows\CapturerAnalyzer\CapturerAnalyzer\Debug\vc110.idb
D:\桌面\windows程序设计\Windows\CapturerAnalyzer\CapturerAnalyzer\Debug\vc110.pdb
D:\桌面\windows程序设计\Windows\CapturerAnalyzer\Debug\CapturerAnalyzer.pdb
D:\桌面\windows程序设计\Windows\CapturerAnalyzer\Debug\CapturerAnalyzer.exe
D:\桌面\windows程序设计\Windows\CapturerAnalyzer\Debug\CapturerAnalyzer.ilk
